2020-07-07 23:21:15.4650 Info - SupportBank.Program: Running main method
2020-07-07 23:21:15.7150 Warn - SupportBank.Program: Bad data found. Please fix this entry:01/03/2015,Ben B,Sam N,Lunch,One Cheeseburger

2020-07-07 23:21:15.7462 Warn - SupportBank.Program: Bad data found. Please fix this entry:Last Thursday,Sarah T,Dan W,Beers,5.42

2020-07-07 23:21:15.7462 Info - SupportBank.Program: Ran successfully
2020-07-07 23:25:45.9096 Info - SupportBank.Program: Running main method
2020-07-07 23:25:46.0503 Fatal - SupportBank.Program: Newtonsoft.Json.JsonReaderException: Unexpected character encountered while parsing value: D. Path '', line 0, position 0.
   at Newtonsoft.Json.JsonTextReader.ParseValue()
   at Newtonsoft.Json.JsonTextReader.Read()
   at Newtonsoft.Json.JsonReader.ReadAndMoveToContent()
   at Newtonsoft.Json.JsonReader.ReadForType(JsonContract contract, Boolean hasConverter)
   at Newtonsoft.Json.Serialization.JsonSerializerInternalReader.Deserialize(JsonReader reader, Type objectType, Boolean checkAdditionalContent)
   at Newtonsoft.Json.JsonSerializer.DeserializeInternal(JsonReader reader, Type objectType)
   at Newtonsoft.Json.JsonSerializer.Deserialize(JsonReader reader, Type objectType)
   at Newtonsoft.Json.JsonConvert.DeserializeObject(String value, Type type, JsonSerializerSettings settings)
   at Newtonsoft.Json.JsonConvert.DeserializeObject[T](String value, JsonSerializerSettings settings)
   at Newtonsoft.Json.JsonConvert.DeserializeObject[T](String value)
   at SupportBank.Program.Main() in D:\Workspace\SoftwireWork\SupportBank\SupportBank\Program.cs:line 39
2020-07-07 23:28:31.2033 Info - SupportBank.Program: Running main method
2020-07-07 23:29:19.8489 Info - SupportBank.Program: Running main method
2020-07-07 23:29:59.8847 Info - SupportBank.Program: Running main method
2020-07-07 23:58:01.3105 Info - SupportBank.Program: Running main method
2020-07-07 23:58:01.5735 Info - SupportBank.Program: Ran successfully
2020-07-07 23:59:33.2680 Info - SupportBank.Program: Running main method
2020-07-07 23:59:58.2230 Info - SupportBank.Program: Running main method
2020-07-08 00:10:48.6235 Info - SupportBank.Program: Running main method
2020-07-08 00:11:30.0197 Info - SupportBank.Program: Ran successfully
2020-07-08 00:18:25.5751 Info - SupportBank.Program: Running main method
2020-07-08 00:18:25.9088 Fatal - SupportBank.Program: System.FormatException: String was not recognized as a valid DateTime.
   at System.DateTimeParse.ParseExact(String s, String format, DateTimeFormatInfo dtfi, DateTimeStyles style)
   at System.DateTime.ParseExact(String s, String format, IFormatProvider provider)
   at SupportBank.Transaction..ctor(String Date, String FromAccount, String ToAccount, String Narrative, Single Amount) in D:\Workspace\SoftwireWork\SupportBank\SupportBank\Transaction.cs:line 26
   at Void .ctor(System.String, System.String, System.String, System.String, Single)(Object[] )
   at Newtonsoft.Json.Serialization.JsonSerializerInternalReader.CreateObjectUsingCreatorWithParameters(JsonReader reader, JsonObjectContract contract, JsonProperty containerProperty, ObjectConstructor`1 creator, String id)
   at Newtonsoft.Json.Serialization.JsonSerializerInternalReader.CreateNewObject(JsonReader reader, JsonObjectContract objectContract, JsonProperty containerMember, JsonProperty containerProperty, String id, Boolean& createdFromNonDefaultCreator)
   at Newtonsoft.Json.Serialization.JsonSerializerInternalReader.CreateObject(JsonReader reader, Type objectType, JsonContract contract, JsonProperty member, JsonContainerContract containerContract, JsonProperty containerMember, Object existingValue)
   at Newtonsoft.Json.Serialization.JsonSerializerInternalReader.CreateValueInternal(JsonReader reader, Type objectType, JsonContract contract, JsonProperty member, JsonContainerContract containerContract, JsonProperty containerMember, Object existingValue)
   at Newtonsoft.Json.Serialization.JsonSerializerInternalReader.Deserialize(JsonReader reader, Type objectType, Boolean checkAdditionalContent)
   at Newtonsoft.Json.JsonSerializer.DeserializeInternal(JsonReader reader, Type objectType)
   at Newtonsoft.Json.JsonSerializer.Deserialize(JsonReader reader, Type objectType)
   at Newtonsoft.Json.Linq.JToken.ToObject(Type objectType, JsonSerializer jsonSerializer)
   at Newtonsoft.Json.Linq.JToken.ToObject(Type objectType)
   at Newtonsoft.Json.Linq.JToken.ToObject[T]()
   at SupportBank.Program.ParseFileToTransactions(String file) in D:\Workspace\SoftwireWork\SupportBank\SupportBank\Program.cs:line 131
   at SupportBank.Program.Main() in D:\Workspace\SoftwireWork\SupportBank\SupportBank\Program.cs:line 41
2020-07-08 00:38:10.7483 Info - SupportBank.Program: Running main method
2020-07-08 00:40:15.6792 Info - SupportBank.Program: Running main method
2020-07-08 00:40:21.7813 Info - SupportBank.Program: Running main method
2020-07-08 00:40:28.7997 Info - SupportBank.Program: Running main method
2020-07-08 00:40:28.9947 Info - SupportBank.Program: Ran successfully
2020-07-08 00:40:34.8421 Fatal - SupportBank.Program: System.NullReferenceException: Object reference not set to an instance of an object.
   at SupportBank.Account.<FilterTransactions>b__5_0(Transaction t) in D:\Workspace\SoftwireWork\SupportBank\SupportBank\Account.cs:line 27
   at System.Collections.Generic.List`1.FindAll(Predicate`1 match)
   at SupportBank.Account.FilterTransactions(List`1 transactions) in D:\Workspace\SoftwireWork\SupportBank\SupportBank\Account.cs:line 26
   at SupportBank.Account.GetAccountBalance(List`1 transactions) in D:\Workspace\SoftwireWork\SupportBank\SupportBank\Account.cs:line 32
   at SupportBank.Program.ListAll(List`1 transactionsList) in D:\Workspace\SoftwireWork\SupportBank\SupportBank\Program.cs:line 148
   at SupportBank.Program.PrintQueryCommandResult(String inputCommand, List`1 transactions) in D:\Workspace\SoftwireWork\SupportBank\SupportBank\Program.cs:line 74
   at SupportBank.Program.Main() in D:\Workspace\SoftwireWork\SupportBank\SupportBank\Program.cs:line 54
2020-07-08 00:41:08.6242 Info - SupportBank.Program: Running main method
2020-07-08 00:43:44.5557 Info - SupportBank.Program: Running main method
2020-07-08 00:43:44.7107 Error - SupportBank.Program: System.InvalidOperationException: SupportBank.Transaction cannot be serialized because it does not have a parameterless constructor.
   at System.Xml.Serialization.TypeDesc.CheckSupported()
   at System.Xml.Serialization.TypeDesc.CheckSupported()
   at System.Xml.Serialization.TypeScope.GetTypeDesc(Type type, MemberInfo source, Boolean directReference, Boolean throwOnError)
   at System.Xml.Serialization.TypeScope.GetTypeDesc(Type type, MemberInfo source, Boolean directReference)
   at System.Xml.Serialization.ModelScope.GetTypeModel(Type type, Boolean directReference)
   at System.Xml.Serialization.ModelScope.GetTypeModel(Type type)
   at System.Xml.Serialization.XmlReflectionImporter.ImportTypeMapping(Type type, XmlRootAttribute root, String defaultNamespace)
   at System.Xml.Serialization.XmlSerializer..ctor(Type type, String defaultNamespace)
   at System.Xml.Serialization.XmlSerializer..ctor(Type type)
   at SupportBank.Program.DeserializeXMLFileToObject[T](String XmlFilename) in D:\Workspace\SoftwireWork\SupportBank\SupportBank\Program.cs:line 165
2020-07-08 00:44:55.9093 Info - SupportBank.Program: Running main method
2020-07-08 00:44:56.1652 Warn - SupportBank.Program: Bad data found. Please fix this entry:01/03/2015,Ben B,Sam N,Lunch,One Cheeseburger

2020-07-08 00:44:56.1944 Warn - SupportBank.Program: Bad data found. Please fix this entry:Last Thursday,Sarah T,Dan W,Beers,5.42

2020-07-08 00:44:56.1944 Info - SupportBank.Program: Ran successfully
2020-07-08 00:45:07.1376 Info - SupportBank.Program: Running main method
2020-07-08 00:45:07.3604 Info - SupportBank.Program: Ran successfully
2020-07-08 00:48:41.0325 Info - SupportBank.Program: Running main method
2020-07-08 00:48:41.2321 Info - SupportBank.Program: Ran successfully
2020-07-08 00:49:54.0773 Info - SupportBank.Program: Running main method
2020-07-08 00:49:54.2739 Info - SupportBank.Program: Ran successfully
2020-07-08 01:01:10.3644 Info - SupportBank.Program: Running main method
2020-07-08 01:25:02.0127 Info - SupportBank.Program: Running main method
2020-07-08 01:25:48.6626 Info - SupportBank.Program: Running main method
2020-07-08 01:25:59.8349 Fatal - SupportBank.Program: System.InvalidOperationException: There is an error in XML document (3, 4). ---> System.NullReferenceException: Object reference not set to an instance of an object.
   at SupportBank.XmlTransaction..ctor() in D:\Workspace\SoftwireWork\SupportBank\SupportBank\Transaction.cs:line 62
   at Microsoft.Xml.Serialization.GeneratedAssembly.XmlSerializationReaderTransactionList.Read2_XmlTransaction(Boolean isNullable, Boolean checkType)
   at Microsoft.Xml.Serialization.GeneratedAssembly.XmlSerializationReaderTransactionList.Read3_TransactionList(Boolean isNullable, Boolean checkType)
   at Microsoft.Xml.Serialization.GeneratedAssembly.XmlSerializationReaderTransactionList.Read4_TransactionList()
   --- End of inner exception stack trace ---
   at System.Xml.Serialization.XmlSerializer.Deserialize(XmlReader xmlReader, String encodingStyle, XmlDeserializationEvents events)
   at System.Xml.Serialization.XmlSerializer.Deserialize(XmlReader xmlReader, String encodingStyle)
   at System.Xml.Serialization.XmlSerializer.Deserialize(TextReader textReader)
   at SupportBank.Program.ParseFileToTransactions(String file) in D:\Workspace\SoftwireWork\SupportBank\SupportBank\Program.cs:line 129
   at SupportBank.Program.Main() in D:\Workspace\SoftwireWork\SupportBank\SupportBank\Program.cs:line 40
2020-07-08 01:42:51.3231 Info - SupportBank.Program: Running main method
2020-07-08 01:42:51.4271 Fatal - SupportBank.Program: System.IO.FileNotFoundException: Could not find file 'D:\Workspace\SoftwireWork\SupportBank\SupportBank\bin\Debug\Transactions2014.json'.
File name: 'D:\Workspace\SoftwireWork\SupportBank\SupportBank\bin\Debug\Transactions2014.json'
   at System.IO.__Error.WinIOError(Int32 errorCode, String maybeFullPath)
   at System.IO.FileStream.Init(String path, FileMode mode, FileAccess access, Int32 rights, Boolean useRights, FileShare share, Int32 bufferSize, FileOptions options, SECURITY_ATTRIBUTES secAttrs, String msgPath, Boolean bFromProxy, Boolean useLongPath, Boolean checkHost)
   at System.IO.FileStream..ctor(String path, FileMode mode, FileAccess access, FileShare share, Int32 bufferSize, FileOptions options, String msgPath, Boolean bFromProxy, Boolean useLongPath, Boolean checkHost)
   at System.IO.StreamReader..ctor(String path, Encoding encoding, Boolean detectEncodingFromByteOrderMarks, Int32 bufferSize, Boolean checkHost)
   at System.IO.StreamReader..ctor(String path, Encoding encoding, Boolean detectEncodingFromByteOrderMarks, Int32 bufferSize)
   at System.IO.StreamReader..ctor(String path, Boolean detectEncodingFromByteOrderMarks)
   at System.IO.StreamReader..ctor(String path)
   at SupportBank.Program.ParseFileToTransactions(String file) in D:\Workspace\SoftwireWork\SupportBank\SupportBank\Program.cs:line 101
   at SupportBank.Program.Main() in D:\Workspace\SoftwireWork\SupportBank\SupportBank\Program.cs:line 32
2020-07-08 01:43:03.1015 Info - SupportBank.Program: Running main method
2020-07-08 01:43:21.8911 Info - SupportBank.Program: Running main method
2020-07-08 01:43:22.0891 Info - SupportBank.Program: Ran successfully
2020-07-08 01:43:25.7935 Info - SupportBank.Program: Running main method
2020-07-08 01:43:25.9855 Info - SupportBank.Program: Ran successfully
2020-07-08 15:45:50.0307 Info - SupportBank.Program: Running main method
2020-07-08 15:56:56.8237 Info - SupportBank.Program: Running main method
2020-07-08 15:58:34.1154 Info - SupportBank.Program: Running main method
2020-07-08 15:58:51.4493 Info - SupportBank.Program: Running main method
2020-07-08 15:59:07.0852 Info - SupportBank.Program: Running main method
2020-07-08 16:00:08.9545 Info - SupportBank.Program: Running main method
2020-07-08 16:01:40.4780 Info - SupportBank.Program: Running main method
2020-07-08 16:02:02.1034 Info - SupportBank.Program: Running main method
2020-07-08 16:03:18.8434 Info - SupportBank.Program: Running main method
2020-07-08 16:03:19.0274 Info - SupportBank.Program: File parsed to list of transactions successfully
2020-07-08 16:11:55.6175 Info - SupportBank.Program: Running main method
2020-07-08 16:12:24.3563 Info - SupportBank.Program: Running main method
2020-07-08 16:13:27.4782 Info - SupportBank.Program: Running main method
2020-07-08 16:14:59.4632 Info - SupportBank.Program: Running main method
2020-07-08 16:18:30.7960 Info - SupportBank.Program: Running main method
2020-07-08 16:23:54.2115 Info - SupportBank.Program: Running main method
2020-07-08 16:24:40.3355 Info - SupportBank.Program: Running main method
2020-07-08 16:30:37.8403 Info - SupportBank.Program: Running main method
2020-07-08 16:45:13.3348 Info - SupportBank.Program: Running main method
2020-07-08 16:47:30.9705 Info - SupportBank.Program: Running main method
2020-07-08 16:47:31.1892 Info - SupportBank.Program: File parsed to list of transactions successfully
2020-07-08 16:51:02.0471 Info - SupportBank.Program: Running main method
2020-07-08 16:51:02.2741 Info - SupportBank.Program: File parsed to list of transactions successfully
2020-07-08 16:55:30.0340 Info - SupportBank.Program: Running main method
2020-07-08 17:00:36.1187 Info - SupportBank.Program: Running main method
2020-07-08 17:21:49.7045 Info - SupportBank.Program: Running main method
2020-07-08 18:35:18.4131 Info - SupportBank.Program: Running main method
2020-07-08 18:35:18.4913 Info - SupportBank.XmlFinancialReader: File D:\Workspace\SoftwireWork\SupportBank\SupportBank\bin\Debug\Transactions2012.xml parsed successfully without issues.
2020-07-08 18:35:18.5381 Error - SupportBank.XmlFinancialReader: Error parsing XML file to transactions: D:\Workspace\SoftwireWork\SupportBank\SupportBank\bin\Debug\Transactions2012.xml
2020-07-08 18:35:18.5381 Info - SupportBank.Program: File parsed to list of transactions successfully
2020-07-08 18:37:56.1220 Info - SupportBank.Program: Running main method
2020-07-08 18:45:59.6179 Info - SupportBank.Program: Running main method
2020-07-08 18:46:06.5587 Info - SupportBank.XmlFinancialReader: File D:\Workspace\SoftwireWork\SupportBank\SupportBank\bin\Debug\Transactions2012.xml parsed successfully without issues.
2020-07-08 18:46:06.5900 Warn - SupportBank.XmlFinancialReader: Bad data found in D:\Workspace\SoftwireWork\SupportBank\SupportBank\bin\Debug\Transactions2012.xml: entry 4
2020-07-08 18:51:30.1015 Info - SupportBank.Program: Running main method
2020-07-08 18:51:30.1797 Info - SupportBank.XmlFinancialReader: File D:\Workspace\SoftwireWork\SupportBank\SupportBank\bin\Debug\Transactions2012.xml parsed successfully without issues.
2020-07-08 18:51:30.2266 Warn - SupportBank.XmlFinancialReader: Bad data found in D:\Workspace\SoftwireWork\SupportBank\SupportBank\bin\Debug\Transactions2012.xml: entry 4
2020-07-08 18:57:37.1619 Info - SupportBank.Program: Running main method
2020-07-08 18:57:37.2400 Info - SupportBank.JsonFinancialReader: File D:\Workspace\SoftwireWork\SupportBank\SupportBank\bin\Debug\Transactions2013.json parsed successfully without issues.
2020-07-08 18:57:37.3182 Error - SupportBank.Program: Newtonsoft.Json.JsonReaderException: Error reading JObject from JsonReader. Current JsonReader item is not an object: StartArray. Path '', line 1, position 1.
   at Newtonsoft.Json.Linq.JObject.Load(JsonReader reader, JsonLoadSettings settings)
   at Newtonsoft.Json.Linq.JObject.Parse(String json, JsonLoadSettings settings)
   at Newtonsoft.Json.Linq.JObject.Parse(String json)
   at SupportBank.JsonFinancialReader.Read(String file) in D:\Workspace\SoftwireWork\SupportBank\SupportBank\JsonFinancialReader.cs:line 23
   at SupportBank.Program.ParseFileToTransactions(String file) in D:\Workspace\SoftwireWork\SupportBank\SupportBank\Program.cs:line 60
   at SupportBank.Program.Main() in D:\Workspace\SoftwireWork\SupportBank\SupportBank\Program.cs:line 29
2020-07-08 18:58:30.2099 Info - SupportBank.Program: Running main method
2020-07-08 18:58:30.2723 Info - SupportBank.JsonFinancialReader: File D:\Workspace\SoftwireWork\SupportBank\SupportBank\bin\Debug\Transactions2013.json parsed successfully without issues.
2020-07-08 19:02:27.3282 Info - SupportBank.Program: Running main method
2020-07-08 19:02:58.0319 Error - SupportBank.Program: Newtonsoft.Json.JsonReaderException: Error reading JObject from JsonReader. Current JsonReader item is not an object: StartArray. Path '', line 1, position 1.
   at Newtonsoft.Json.Linq.JObject.Load(JsonReader reader, JsonLoadSettings settings)
   at Newtonsoft.Json.Linq.JObject.Parse(String json, JsonLoadSettings settings)
   at Newtonsoft.Json.Linq.JObject.Parse(String json)
   at SupportBank.JsonFinancialReader.Read(String file) in D:\Workspace\SoftwireWork\SupportBank\SupportBank\JsonFinancialReader.cs:line 22
   at SupportBank.Program.ParseFileToTransactions(String file) in D:\Workspace\SoftwireWork\SupportBank\SupportBank\Program.cs:line 60
   at SupportBank.Program.Main() in D:\Workspace\SoftwireWork\SupportBank\SupportBank\Program.cs:line 29
2020-07-08 19:04:56.7998 Info - SupportBank.Program: Running main method
2020-07-08 19:09:32.3746 Info - SupportBank.Program: Running main method
2020-07-08 19:24:26.4187 Info - SupportBank.Program: Running main method
2020-07-08 19:30:31.3691 Info - SupportBank.Program: Running main method
2020-07-08 19:35:45.8542 Info - SupportBank.Program: Running main method
2020-07-08 19:37:20.5160 Info - SupportBank.Program: Running main method
2020-07-08 19:37:20.8285 Warn - SupportBank.CsvFinancialReader: Bad data found in FinancialRecords\DodgyTransactions2015.csv: entry 28
2020-07-08 19:37:20.8597 Warn - SupportBank.CsvFinancialReader: Bad data found in FinancialRecords\DodgyTransactions2015.csv: entry 52
2020-07-08 19:37:20.8910 Warn - SupportBank.XmlFinancialReader: Bad data found in FinancialRecords\Transactions2012.xml: entry 4
2020-07-08 19:38:43.2816 Info - SupportBank.Program: Running main method
2020-07-08 19:38:43.5629 Warn - SupportBank.CsvFinancialReader: Bad data found in FinancialRecords\DodgyTransactions2015.csv: entry 28
2020-07-08 19:38:43.5941 Warn - SupportBank.CsvFinancialReader: Bad data found in FinancialRecords\DodgyTransactions2015.csv: entry 52
2020-07-08 19:38:43.6254 Warn - SupportBank.XmlFinancialReader: Bad data found in FinancialRecords\Transactions2012.xml: entry 4
2020-07-08 19:38:58.8666 Info - SupportBank.Program: Running main method
2020-07-08 19:38:59.1322 Warn - SupportBank.CsvFinancialReader: Bad data found in FinancialRecords\DodgyTransactions2015.csv: entry 28
2020-07-08 19:38:59.1478 Warn - SupportBank.CsvFinancialReader: Bad data found in FinancialRecords\DodgyTransactions2015.csv: entry 52
2020-07-08 19:38:59.1791 Warn - SupportBank.XmlFinancialReader: Bad data found in FinancialRecords\Transactions2012.xml: entry 4
2020-07-08 19:39:56.6497 Info - SupportBank.Program: Running main method
2020-07-08 19:39:56.9310 Warn - SupportBank.CsvFinancialReader: Bad data found in FinancialRecords\DodgyTransactions2015.csv: entry 28
2020-07-08 19:39:56.9622 Warn - SupportBank.CsvFinancialReader: Bad data found in FinancialRecords\DodgyTransactions2015.csv: entry 52
2020-07-08 19:39:56.9935 Warn - SupportBank.XmlFinancialReader: Bad data found in FinancialRecords\Transactions2012.xml: entry 4
2020-07-08 19:40:26.1814 Info - SupportBank.Program: Running main method
2020-07-08 19:40:26.4469 Warn - SupportBank.CsvFinancialReader: Bad data found in FinancialRecords\DodgyTransactions2015.csv: entry 28
2020-07-08 19:40:26.4782 Warn - SupportBank.CsvFinancialReader: Bad data found in FinancialRecords\DodgyTransactions2015.csv: entry 52
2020-07-08 19:40:26.5094 Warn - SupportBank.XmlFinancialReader: Bad data found in FinancialRecords\Transactions2012.xml: entry 4
2020-07-08 20:04:11.9412 Info - SupportBank.Program: Running main method
2020-07-08 20:04:12.2224 Warn - SupportBank.CsvFinancialReader: Bad data found in FinancialRecords\DodgyTransactions2015.csv: entry 28
2020-07-08 20:04:12.2537 Warn - SupportBank.CsvFinancialReader: Bad data found in FinancialRecords\DodgyTransactions2015.csv: entry 52
2020-07-08 20:04:12.2850 Warn - SupportBank.XmlFinancialReader: Bad data found in FinancialRecords\Transactions2012.xml: entry 4
2020-07-08 20:05:38.5021 Error - SupportBank.Program: System.InvalidOperationException: SupportBank.Transaction cannot be serialized because it does not have a parameterless constructor.
   at System.Xml.Serialization.TypeDesc.CheckSupported()
   at System.Xml.Serialization.TypeDesc.CheckSupported()
   at System.Xml.Serialization.TypeScope.GetTypeDesc(Type type, MemberInfo source, Boolean directReference, Boolean throwOnError)
   at System.Xml.Serialization.TypeScope.GetTypeDesc(Type type, MemberInfo source, Boolean directReference)
   at System.Xml.Serialization.ModelScope.GetTypeModel(Type type, Boolean directReference)
   at System.Xml.Serialization.ModelScope.GetTypeModel(Type type)
   at System.Xml.Serialization.XmlReflectionImporter.ImportTypeMapping(Type type, XmlRootAttribute root, String defaultNamespace)
   at System.Xml.Serialization.XmlSerializer..ctor(Type type, String defaultNamespace)
   at System.Xml.Serialization.XmlSerializer..ctor(Type type)
   at SupportBank.FileExporter.ExportFile(List`1 transactions, String filename) in D:\Workspace\SoftwireWork\SupportBank\SupportBank\FileExporter.cs:line 34
   at SupportBank.QueryResponder.PrintQueryCommandResult(String inputCommand, List`1 transactions) in D:\Workspace\SoftwireWork\SupportBank\SupportBank\QueryResponder.cs:line 34
   at SupportBank.Program.Main() in D:\Workspace\SoftwireWork\SupportBank\SupportBank\Program.cs:line 34
2020-07-08 20:08:29.4280 Info - SupportBank.Program: Running main method
2020-07-08 20:08:29.7092 Warn - SupportBank.CsvFinancialReader: Bad data found in FinancialRecords\DodgyTransactions2015.csv: entry 28
2020-07-08 20:08:29.7404 Warn - SupportBank.CsvFinancialReader: Bad data found in FinancialRecords\DodgyTransactions2015.csv: entry 52
2020-07-08 20:08:29.7717 Warn - SupportBank.XmlFinancialReader: Bad data found in FinancialRecords\Transactions2012.xml: entry 4
2020-07-08 20:10:55.5677 Info - SupportBank.Program: Running main method
2020-07-08 20:10:55.8333 Warn - SupportBank.CsvFinancialReader: Bad data found in FinancialRecords\DodgyTransactions2015.csv: entry 28
2020-07-08 20:10:55.8646 Warn - SupportBank.CsvFinancialReader: Bad data found in FinancialRecords\DodgyTransactions2015.csv: entry 52
2020-07-08 20:10:55.8958 Warn - SupportBank.XmlFinancialReader: Bad data found in FinancialRecords\Transactions2012.xml: entry 4
2020-07-08 20:11:02.9936 Error - SupportBank.Program: System.InvalidOperationException: SupportBank.Transaction cannot be serialized because it does not have a parameterless constructor.
   at System.Xml.Serialization.TypeDesc.CheckSupported()
   at System.Xml.Serialization.TypeDesc.CheckSupported()
   at System.Xml.Serialization.TypeScope.GetTypeDesc(Type type, MemberInfo source, Boolean directReference, Boolean throwOnError)
   at System.Xml.Serialization.TypeScope.GetTypeDesc(Type type, MemberInfo source, Boolean directReference)
   at System.Xml.Serialization.ModelScope.GetTypeModel(Type type, Boolean directReference)
   at System.Xml.Serialization.ModelScope.GetTypeModel(Type type)
   at System.Xml.Serialization.XmlReflectionImporter.ImportTypeMapping(Type type, XmlRootAttribute root, String defaultNamespace)
   at System.Xml.Serialization.XmlSerializer..ctor(Type type, String defaultNamespace)
   at System.Xml.Serialization.XmlSerializer..ctor(Type type)
   at SupportBank.FileExporter.ExportFile(List`1 transactions, String filename) in D:\Workspace\SoftwireWork\SupportBank\SupportBank\FileExporter.cs:line 36
   at SupportBank.QueryResponder.PrintQueryCommandResult(String inputCommand, List`1 transactions) in D:\Workspace\SoftwireWork\SupportBank\SupportBank\QueryResponder.cs:line 34
   at SupportBank.Program.Main() in D:\Workspace\SoftwireWork\SupportBank\SupportBank\Program.cs:line 34
2020-07-08 20:12:07.0023 Info - SupportBank.Program: Running main method
2020-07-08 20:12:07.2680 Warn - SupportBank.CsvFinancialReader: Bad data found in FinancialRecords\DodgyTransactions2015.csv: entry 28
2020-07-08 20:12:07.2992 Warn - SupportBank.CsvFinancialReader: Bad data found in FinancialRecords\DodgyTransactions2015.csv: entry 52
2020-07-08 20:12:07.3305 Warn - SupportBank.XmlFinancialReader: Bad data found in FinancialRecords\Transactions2012.xml: entry 4
2020-07-08 20:12:11.9709 Error - SupportBank.Program: System.InvalidOperationException: SupportBank.Transaction cannot be serialized because it does not have a parameterless constructor.
   at System.Xml.Serialization.TypeDesc.CheckSupported()
   at System.Xml.Serialization.TypeDesc.CheckSupported()
   at System.Xml.Serialization.TypeScope.GetTypeDesc(Type type, MemberInfo source, Boolean directReference, Boolean throwOnError)
   at System.Xml.Serialization.TypeScope.GetTypeDesc(Type type, MemberInfo source, Boolean directReference)
   at System.Xml.Serialization.ModelScope.GetTypeModel(Type type, Boolean directReference)
   at System.Xml.Serialization.ModelScope.GetTypeModel(Type type)
   at System.Xml.Serialization.XmlReflectionImporter.ImportTypeMapping(Type type, XmlRootAttribute root, String defaultNamespace)
   at System.Xml.Serialization.XmlSerializer..ctor(Type type, String defaultNamespace)
   at System.Xml.Serialization.XmlSerializer..ctor(Type type)
   at SupportBank.FileExporter.ExportFile(List`1 transactions, String filename) in D:\Workspace\SoftwireWork\SupportBank\SupportBank\FileExporter.cs:line 36
   at SupportBank.QueryResponder.PrintQueryCommandResult(String inputCommand, List`1 transactions) in D:\Workspace\SoftwireWork\SupportBank\SupportBank\QueryResponder.cs:line 34
   at SupportBank.Program.Main() in D:\Workspace\SoftwireWork\SupportBank\SupportBank\Program.cs:line 34
2020-07-08 20:15:27.6748 Info - SupportBank.Program: Running main method
2020-07-08 20:15:27.9404 Warn - SupportBank.CsvFinancialReader: Bad data found in FinancialRecords\DodgyTransactions2015.csv: entry 28
2020-07-08 20:15:27.9717 Warn - SupportBank.CsvFinancialReader: Bad data found in FinancialRecords\DodgyTransactions2015.csv: entry 52
2020-07-08 20:15:28.0030 Warn - SupportBank.XmlFinancialReader: Bad data found in FinancialRecords\Transactions2012.xml: entry 4
2020-07-08 20:15:33.5151 Error - SupportBank.Program: System.InvalidOperationException: SupportBank.Transaction cannot be serialized because it does not have a parameterless constructor.
   at System.Xml.Serialization.TypeDesc.CheckSupported()
   at System.Xml.Serialization.TypeScope.GetTypeDesc(Type type, MemberInfo source, Boolean directReference, Boolean throwOnError)
   at System.Xml.Serialization.TypeScope.GetTypeDesc(Type type, MemberInfo source, Boolean directReference)
   at System.Xml.Serialization.ModelScope.GetTypeModel(Type type, Boolean directReference)
   at System.Xml.Serialization.ModelScope.GetTypeModel(Type type)
   at System.Xml.Serialization.XmlReflectionImporter.ImportTypeMapping(Type type, XmlRootAttribute root, String defaultNamespace)
   at System.Xml.Serialization.XmlSerializer..ctor(Type type, String defaultNamespace)
   at System.Xml.Serialization.XmlSerializer..ctor(Type type)
   at SupportBank.FileExporter.ExportFile(List`1 transactions, String filename) in D:\Workspace\SoftwireWork\SupportBank\SupportBank\FileExporter.cs:line 36
   at SupportBank.QueryResponder.PrintQueryCommandResult(String inputCommand, List`1 transactions) in D:\Workspace\SoftwireWork\SupportBank\SupportBank\QueryResponder.cs:line 34
   at SupportBank.Program.Main() in D:\Workspace\SoftwireWork\SupportBank\SupportBank\Program.cs:line 34
2020-07-08 20:16:31.3129 Info - SupportBank.Program: Running main method
2020-07-08 20:16:31.5942 Warn - SupportBank.CsvFinancialReader: Bad data found in FinancialRecords\DodgyTransactions2015.csv: entry 28
2020-07-08 20:16:31.6098 Warn - SupportBank.CsvFinancialReader: Bad data found in FinancialRecords\DodgyTransactions2015.csv: entry 52
2020-07-08 20:16:31.6567 Warn - SupportBank.XmlFinancialReader: Bad data found in FinancialRecords\Transactions2012.xml: entry 4
2020-07-08 20:16:42.1567 Info - SupportBank.Program: Running main method
2020-07-08 20:16:42.4379 Warn - SupportBank.CsvFinancialReader: Bad data found in FinancialRecords\DodgyTransactions2015.csv: entry 28
2020-07-08 20:16:42.4535 Warn - SupportBank.CsvFinancialReader: Bad data found in FinancialRecords\DodgyTransactions2015.csv: entry 52
2020-07-08 20:16:42.4848 Warn - SupportBank.XmlFinancialReader: Bad data found in FinancialRecords\Transactions2012.xml: entry 4
2020-07-08 20:18:37.0297 Info - SupportBank.Program: Running main method
2020-07-08 20:18:37.3230 Warn - SupportBank.CsvFinancialReader: Bad data found in FinancialRecords\DodgyTransactions2015.csv: entry 28
2020-07-08 20:18:37.3502 Warn - SupportBank.CsvFinancialReader: Bad data found in FinancialRecords\DodgyTransactions2015.csv: entry 52
2020-07-08 20:18:37.3742 Warn - SupportBank.XmlFinancialReader: Bad data found in FinancialRecords\Transactions2012.xml: entry 4
2020-07-08 20:20:23.9333 Info - SupportBank.Program: Running main method
2020-07-08 20:20:24.2150 Warn - SupportBank.CsvFinancialReader: Bad data found in FinancialRecords\DodgyTransactions2015.csv: entry 28
2020-07-08 20:20:24.2313 Warn - SupportBank.CsvFinancialReader: Bad data found in FinancialRecords\DodgyTransactions2015.csv: entry 52
2020-07-08 20:20:24.2736 Warn - SupportBank.XmlFinancialReader: Bad data found in FinancialRecords\Transactions2012.xml: entry 4
2020-07-08 20:21:35.0146 Info - SupportBank.Program: Running main method
2020-07-08 20:21:35.2985 Warn - SupportBank.CsvFinancialReader: Bad data found in FinancialRecords\DodgyTransactions2015.csv: entry 28
2020-07-08 20:21:35.3258 Warn - SupportBank.CsvFinancialReader: Bad data found in FinancialRecords\DodgyTransactions2015.csv: entry 52
2020-07-08 20:21:35.3608 Warn - SupportBank.XmlFinancialReader: Bad data found in FinancialRecords\Transactions2012.xml: entry 4
2020-07-08 20:30:26.1305 Info - SupportBank.Program: Running main method
2020-07-08 20:30:26.4175 Warn - SupportBank.CsvFinancialReader: Bad data found in FinancialRecords\DodgyTransactions2015.csv: entry 28
2020-07-08 20:30:26.4425 Warn - SupportBank.CsvFinancialReader: Bad data found in FinancialRecords\DodgyTransactions2015.csv: entry 52
2020-07-08 20:30:26.4776 Warn - SupportBank.XmlFinancialReader: Bad data found in FinancialRecords\Transactions2012.xml: entry 4
2020-07-08 20:31:00.5426 Error - SupportBank.Program: System.IO.DirectoryNotFoundException: Could not find a part of the path 'D:\Workspace\SoftwireWork\SupportBank\SupportBank\bin\Debug\Exports\transactions.csv'.
   at System.IO.__Error.WinIOError(Int32 errorCode, String maybeFullPath)
   at System.IO.FileStream.Init(String path, FileMode mode, FileAccess access, Int32 rights, Boolean useRights, FileShare share, Int32 bufferSize, FileOptions options, SECURITY_ATTRIBUTES secAttrs, String msgPath, Boolean bFromProxy, Boolean useLongPath, Boolean checkHost)
   at System.IO.FileStream..ctor(String path, FileMode mode, FileAccess access, FileShare share, Int32 bufferSize, FileOptions options, String msgPath, Boolean bFromProxy, Boolean useLongPath, Boolean checkHost)
   at System.IO.StreamWriter.CreateFile(String path, Boolean append, Boolean checkHost)
   at System.IO.StreamWriter..ctor(String path, Boolean append, Encoding encoding, Int32 bufferSize, Boolean checkHost)
   at System.IO.StreamWriter..ctor(String path, Boolean append, Encoding encoding, Int32 bufferSize)
   at System.IO.StreamWriter..ctor(String path)
   at SupportBank.CsvFinancialWriter.Write(List`1 transactions, String file) in D:\Workspace\SoftwireWork\SupportBank\SupportBank\CsvFinancialWriter.cs:line 12
   at SupportBank.FileExporter.ExportFile(List`1 transactions, String filename) in D:\Workspace\SoftwireWork\SupportBank\SupportBank\FileExporter.cs:line 21
   at SupportBank.QueryResponder.PrintQueryCommandResult(String inputCommand, List`1 transactions) in D:\Workspace\SoftwireWork\SupportBank\SupportBank\QueryResponder.cs:line 34
   at SupportBank.Program.Main() in D:\Workspace\SoftwireWork\SupportBank\SupportBank\Program.cs:line 34
2020-07-08 20:31:25.9747 Info - SupportBank.Program: Running main method
2020-07-08 20:31:26.2499 Warn - SupportBank.CsvFinancialReader: Bad data found in FinancialRecords\DodgyTransactions2015.csv: entry 28
2020-07-08 20:31:26.2780 Warn - SupportBank.CsvFinancialReader: Bad data found in FinancialRecords\DodgyTransactions2015.csv: entry 52
2020-07-08 20:31:26.3100 Warn - SupportBank.XmlFinancialReader: Bad data found in FinancialRecords\Transactions2012.xml: entry 4
2020-07-08 20:33:59.6354 Info - SupportBank.Program: Running main method
2020-07-08 20:33:59.9010 Warn - SupportBank.CsvFinancialReader: Bad data found in FinancialRecords\DodgyTransactions2015.csv: entry 28
2020-07-08 20:33:59.9166 Warn - SupportBank.CsvFinancialReader: Bad data found in FinancialRecords\DodgyTransactions2015.csv: entry 52
2020-07-08 20:33:59.9478 Warn - SupportBank.XmlFinancialReader: Bad data found in FinancialRecords\Transactions2012.xml: entry 4
2020-07-08 20:41:31.9141 Info - SupportBank.Program: Running main method
2020-07-08 20:41:32.0281 Warn - SupportBank.CsvFinancialReader: Bad data found in FinancialRecords\DodgyTransactions2015.csv: entry 28
2020-07-08 20:41:32.0281 Warn - SupportBank.CsvFinancialReader: Bad data found in FinancialRecords\DodgyTransactions2015.csv: entry 52
2020-07-08 20:41:32.0281 Warn - SupportBank.XmlFinancialReader: Bad data found in FinancialRecords\Transactions2012.xml: entry 4
